INFO [2019-12-06 13:35:21,235] (ModelLearningGraph->initializeFromJsonRepository->186): initializing the graph from models in the json repository ...
INFO [2019-12-06 13:35:21,250] (GraphUtil->exportJson->489): exporting the graph to json ...
INFO [2019-12-06 13:35:21,254] (GraphUtil->exportJson->507): export is done.
INFO [2019-12-06 13:35:21,256] (GraphVizUtil->exportJGraphToGraphviz->277): exporting the graph to graphviz ...
INFO [2019-12-06 13:35:21,260] (GraphVizUtil->exportJGraphToGraphviz->288): export is done.
INFO [2019-12-06 13:35:21,260] (ModelLearningGraph->initializeFromJsonRepository->218): initialization is done!
INFO [2019-12-06 13:35:21,260] (ModelLearningGraph-><init>->147): number of nodes: 0
INFO [2019-12-06 13:35:21,260] (ModelLearningGraph-><init>->148): number of links: 0
ERROR [2019-12-06 13:35:40,166] (WorksheetCleaningUpdate->generateJson->163): Error occured with cleaning service for HNode: wfs:FeatureCollection/numberMatched
ERROR [2019-12-06 13:35:40,179] (WorksheetCleaningUpdate->generateJson->163): Error occured with cleaning service for HNode: wfs:FeatureCollection/numberReturned
ERROR [2019-12-06 13:35:40,188] (WorksheetCleaningUpdate->generateJson->163): Error occured with cleaning service for HNode: wfs:FeatureCollection/timeStamp
ERROR [2019-12-06 13:35:40,193] (WorksheetCleaningUpdate->generateJson->163): Error occured with cleaning service for HNode: wfs:FeatureCollection/wfs:member/usgsns:structures_DC/gml:id
ERROR [2019-12-06 13:35:40,197] (WorksheetCleaningUpdate->generateJson->163): Error occured with cleaning service for HNode: wfs:FeatureCollection/wfs:member/usgsns:structures_DC/usgsns:Address
ERROR [2019-12-06 13:35:40,202] (WorksheetCleaningUpdate->generateJson->163): Error occured with cleaning service for HNode: wfs:FeatureCollection/wfs:member/usgsns:structures_DC/usgsns:AddressBui
ERROR [2019-12-06 13:35:40,222] (WorksheetCleaningUpdate->generateJson->163): Error occured with cleaning service for HNode: wfs:FeatureCollection/wfs:member/usgsns:structures_DC/usgsns:AdminType
ERROR [2019-12-06 13:35:40,229] (WorksheetCleaningUpdate->generateJson->163): Error occured with cleaning service for HNode: wfs:FeatureCollection/wfs:member/usgsns:structures_DC/usgsns:City
ERROR [2019-12-06 13:35:40,232] (WorksheetCleaningUpdate->generateJson->163): Error occured with cleaning service for HNode: wfs:FeatureCollection/wfs:member/usgsns:structures_DC/usgsns:Complex_ID
ERROR [2019-12-06 13:35:40,234] (WorksheetCleaningUpdate->generateJson->163): Error occured with cleaning service for HNode: wfs:FeatureCollection/wfs:member/usgsns:structures_DC/usgsns:Data_Secur
ERROR [2019-12-06 13:35:40,238] (WorksheetCleaningUpdate->generateJson->163): Error occured with cleaning service for HNode: wfs:FeatureCollection/wfs:member/usgsns:structures_DC/usgsns:Distributi
ERROR [2019-12-06 13:35:40,245] (WorksheetCleaningUpdate->generateJson->163): Error occured with cleaning service for HNode: wfs:FeatureCollection/wfs:member/usgsns:structures_DC/usgsns:FCode
ERROR [2019-12-06 13:35:40,248] (WorksheetCleaningUpdate->generateJson->163): Error occured with cleaning service for HNode: wfs:FeatureCollection/wfs:member/usgsns:structures_DC/usgsns:FType
ERROR [2019-12-06 13:35:40,252] (WorksheetCleaningUpdate->generateJson->163): Error occured with cleaning service for HNode: wfs:FeatureCollection/wfs:member/usgsns:structures_DC/usgsns:Foot_ID
ERROR [2019-12-06 13:35:40,255] (WorksheetCleaningUpdate->generateJson->163): Error occured with cleaning service for HNode: wfs:FeatureCollection/wfs:member/usgsns:structures_DC/usgsns:GNIS_ID
ERROR [2019-12-06 13:35:40,258] (WorksheetCleaningUpdate->generateJson->163): Error occured with cleaning service for HNode: wfs:FeatureCollection/wfs:member/usgsns:structures_DC/usgsns:IsLandmark
ERROR [2019-12-06 13:35:40,260] (WorksheetCleaningUpdate->generateJson->163): Error occured with cleaning service for HNode: wfs:FeatureCollection/wfs:member/usgsns:structures_DC/usgsns:LoadDate
ERROR [2019-12-06 13:35:40,274] (WorksheetCleaningUpdate->generateJson->163): Error occured with cleaning service for HNode: wfs:FeatureCollection/wfs:member/usgsns:structures_DC/usgsns:Name
ERROR [2019-12-06 13:35:40,278] (WorksheetCleaningUpdate->generateJson->163): Error occured with cleaning service for HNode: wfs:FeatureCollection/wfs:member/usgsns:structures_DC/usgsns:OBJECTID
ERROR [2019-12-06 13:35:40,282] (WorksheetCleaningUpdate->generateJson->163): Error occured with cleaning service for HNode: wfs:FeatureCollection/wfs:member/usgsns:structures_DC/usgsns:Permanent_
ERROR [2019-12-06 13:35:40,287] (WorksheetCleaningUpdate->generateJson->163): Error occured with cleaning service for HNode: wfs:FeatureCollection/wfs:member/usgsns:structures_DC/usgsns:PointLocat
ERROR [2019-12-06 13:35:40,291] (WorksheetCleaningUpdate->generateJson->163): Error occured with cleaning service for HNode: wfs:FeatureCollection/wfs:member/usgsns:structures_DC/usgsns:Source_D_1
ERROR [2019-12-06 13:35:40,295] (WorksheetCleaningUpdate->generateJson->163): Error occured with cleaning service for HNode: wfs:FeatureCollection/wfs:member/usgsns:structures_DC/usgsns:Source_Dat
ERROR [2019-12-06 13:35:40,300] (WorksheetCleaningUpdate->generateJson->163): Error occured with cleaning service for HNode: wfs:FeatureCollection/wfs:member/usgsns:structures_DC/usgsns:Source_Fea
ERROR [2019-12-06 13:35:40,305] (WorksheetCleaningUpdate->generateJson->163): Error occured with cleaning service for HNode: wfs:FeatureCollection/wfs:member/usgsns:structures_DC/usgsns:Source_Ori
ERROR [2019-12-06 13:35:40,308] (WorksheetCleaningUpdate->generateJson->163): Error occured with cleaning service for HNode: wfs:FeatureCollection/wfs:member/usgsns:structures_DC/usgsns:State
ERROR [2019-12-06 13:35:40,313] (WorksheetCleaningUpdate->generateJson->163): Error occured with cleaning service for HNode: wfs:FeatureCollection/wfs:member/usgsns:structures_DC/usgsns:Zipcode
ERROR [2019-12-06 13:35:40,318] (WorksheetCleaningUpdate->generateJson->163): Error occured with cleaning service for HNode: wfs:FeatureCollection/wfs:member/usgsns:structures_DC/usgsns:the_geom/gml:Point/gml:id
ERROR [2019-12-06 13:35:40,323] (WorksheetCleaningUpdate->generateJson->163): Error occured with cleaning service for HNode: wfs:FeatureCollection/wfs:member/usgsns:structures_DC/usgsns:the_geom/gml:Point/gml:pos
ERROR [2019-12-06 13:35:40,329] (WorksheetCleaningUpdate->generateJson->163): Error occured with cleaning service for HNode: wfs:FeatureCollection/wfs:member/usgsns:structures_DC/usgsns:the_geom/gml:Point/srsDimension
ERROR [2019-12-06 13:35:40,332] (WorksheetCleaningUpdate->generateJson->163): Error occured with cleaning service for HNode: wfs:FeatureCollection/wfs:member/usgsns:structures_DC/usgsns:the_geom/gml:Point/srsName
ERROR [2019-12-06 13:35:40,334] (WorksheetCleaningUpdate->generateJson->163): Error occured with cleaning service for HNode: wfs:FeatureCollection/xmlns:gml
ERROR [2019-12-06 13:35:40,338] (WorksheetCleaningUpdate->generateJson->163): Error occured with cleaning service for HNode: wfs:FeatureCollection/xmlns:usgsns
ERROR [2019-12-06 13:35:40,341] (WorksheetCleaningUpdate->generateJson->163): Error occured with cleaning service for HNode: wfs:FeatureCollection/xmlns:wfs
ERROR [2019-12-06 13:35:40,343] (WorksheetCleaningUpdate->generateJson->163): Error occured with cleaning service for HNode: wfs:FeatureCollection/xmlns:xs
ERROR [2019-12-06 13:35:40,345] (WorksheetCleaningUpdate->generateJson->163): Error occured with cleaning service for HNode: wfs:FeatureCollection/xmlns:xsi
ERROR [2019-12-06 13:35:40,353] (WorksheetCleaningUpdate->generateJson->163): Error occured with cleaning service for HNode: wfs:FeatureCollection/xsi:schemaLocation
INFO [2019-12-06 13:35:49,784] (R2RMLAlignmentFileSaver->saveAlignment->95): Time to get alignment info for saving: 0msec
INFO [2019-12-06 13:35:49,835] (Alignment->align->920): 
INFO [2019-12-06 13:35:49,835] (Alignment->align->921): Time to compute the Alignment: 0.0sec
ERROR [2019-12-06 13:35:49,841] (KR2RMLWorksheetHistoryCompatibilityVerifier->verify->77): Unable to parse command from worksheet history
INFO [2019-12-06 13:35:49,841] (R2RMLAlignmentFileSaver->saveAlignment->103): Time to generate mappings:57msec
INFO [2019-12-06 13:35:49,911] (R2RMLAlignmentFileSaver->saveAlignment->108): Alignment for WSP1:WS6 saved to file: home/kaos/karma/models-autosave/WSP2WS6-structures_DC-auto-model.ttl
INFO [2019-12-06 13:35:49,912] (R2RMLAlignmentFileSaver->saveAlignment->110): Time to write to file:71msec
ERROR [2019-12-06 13:35:49,916] (WorksheetCleaningUpdate->generateJson->163): Error occured with cleaning service for HNode: wfs:FeatureCollection/numberMatched
ERROR [2019-12-06 13:35:49,927] (WorksheetCleaningUpdate->generateJson->163): Error occured with cleaning service for HNode: wfs:FeatureCollection/numberReturned
ERROR [2019-12-06 13:35:49,930] (WorksheetCleaningUpdate->generateJson->163): Error occured with cleaning service for HNode: wfs:FeatureCollection/timeStamp
ERROR [2019-12-06 13:35:49,932] (WorksheetCleaningUpdate->generateJson->163): Error occured with cleaning service for HNode: wfs:FeatureCollection/wfs:member/usgsns:structures_DC/gml:id
ERROR [2019-12-06 13:35:49,934] (WorksheetCleaningUpdate->generateJson->163): Error occured with cleaning service for HNode: wfs:FeatureCollection/wfs:member/usgsns:structures_DC/usgsns:Address
ERROR [2019-12-06 13:35:49,937] (WorksheetCleaningUpdate->generateJson->163): Error occured with cleaning service for HNode: wfs:FeatureCollection/wfs:member/usgsns:structures_DC/usgsns:AddressBui
ERROR [2019-12-06 13:35:49,940] (WorksheetCleaningUpdate->generateJson->163): Error occured with cleaning service for HNode: wfs:FeatureCollection/wfs:member/usgsns:structures_DC/usgsns:AdminType
ERROR [2019-12-06 13:35:49,946] (WorksheetCleaningUpdate->generateJson->163): Error occured with cleaning service for HNode: wfs:FeatureCollection/wfs:member/usgsns:structures_DC/usgsns:City
ERROR [2019-12-06 13:35:49,948] (WorksheetCleaningUpdate->generateJson->163): Error occured with cleaning service for HNode: wfs:FeatureCollection/wfs:member/usgsns:structures_DC/usgsns:Complex_ID
ERROR [2019-12-06 13:35:49,951] (WorksheetCleaningUpdate->generateJson->163): Error occured with cleaning service for HNode: wfs:FeatureCollection/wfs:member/usgsns:structures_DC/usgsns:Data_Secur
ERROR [2019-12-06 13:35:49,954] (WorksheetCleaningUpdate->generateJson->163): Error occured with cleaning service for HNode: wfs:FeatureCollection/wfs:member/usgsns:structures_DC/usgsns:Distributi
ERROR [2019-12-06 13:35:49,956] (WorksheetCleaningUpdate->generateJson->163): Error occured with cleaning service for HNode: wfs:FeatureCollection/wfs:member/usgsns:structures_DC/usgsns:FCode
ERROR [2019-12-06 13:35:49,960] (WorksheetCleaningUpdate->generateJson->163): Error occured with cleaning service for HNode: wfs:FeatureCollection/wfs:member/usgsns:structures_DC/usgsns:FType
ERROR [2019-12-06 13:35:49,964] (WorksheetCleaningUpdate->generateJson->163): Error occured with cleaning service for HNode: wfs:FeatureCollection/wfs:member/usgsns:structures_DC/usgsns:Foot_ID
ERROR [2019-12-06 13:35:49,967] (WorksheetCleaningUpdate->generateJson->163): Error occured with cleaning service for HNode: wfs:FeatureCollection/wfs:member/usgsns:structures_DC/usgsns:GNIS_ID
ERROR [2019-12-06 13:35:49,969] (WorksheetCleaningUpdate->generateJson->163): Error occured with cleaning service for HNode: wfs:FeatureCollection/wfs:member/usgsns:structures_DC/usgsns:IsLandmark
ERROR [2019-12-06 13:35:49,972] (WorksheetCleaningUpdate->generateJson->163): Error occured with cleaning service for HNode: wfs:FeatureCollection/wfs:member/usgsns:structures_DC/usgsns:LoadDate
ERROR [2019-12-06 13:35:49,992] (WorksheetCleaningUpdate->generateJson->163): Error occured with cleaning service for HNode: wfs:FeatureCollection/wfs:member/usgsns:structures_DC/usgsns:Name
ERROR [2019-12-06 13:35:49,997] (WorksheetCleaningUpdate->generateJson->163): Error occured with cleaning service for HNode: wfs:FeatureCollection/wfs:member/usgsns:structures_DC/usgsns:OBJECTID
ERROR [2019-12-06 13:35:50,000] (WorksheetCleaningUpdate->generateJson->163): Error occured with cleaning service for HNode: wfs:FeatureCollection/wfs:member/usgsns:structures_DC/usgsns:Permanent_
ERROR [2019-12-06 13:35:50,004] (WorksheetCleaningUpdate->generateJson->163): Error occured with cleaning service for HNode: wfs:FeatureCollection/wfs:member/usgsns:structures_DC/usgsns:PointLocat
ERROR [2019-12-06 13:35:50,006] (WorksheetCleaningUpdate->generateJson->163): Error occured with cleaning service for HNode: wfs:FeatureCollection/wfs:member/usgsns:structures_DC/usgsns:Source_D_1
ERROR [2019-12-06 13:35:50,010] (WorksheetCleaningUpdate->generateJson->163): Error occured with cleaning service for HNode: wfs:FeatureCollection/wfs:member/usgsns:structures_DC/usgsns:Source_Dat
ERROR [2019-12-06 13:35:50,013] (WorksheetCleaningUpdate->generateJson->163): Error occured with cleaning service for HNode: wfs:FeatureCollection/wfs:member/usgsns:structures_DC/usgsns:Source_Fea
ERROR [2019-12-06 13:35:50,017] (WorksheetCleaningUpdate->generateJson->163): Error occured with cleaning service for HNode: wfs:FeatureCollection/wfs:member/usgsns:structures_DC/usgsns:Source_Ori
ERROR [2019-12-06 13:35:50,023] (WorksheetCleaningUpdate->generateJson->163): Error occured with cleaning service for HNode: wfs:FeatureCollection/wfs:member/usgsns:structures_DC/usgsns:State
ERROR [2019-12-06 13:35:50,025] (WorksheetCleaningUpdate->generateJson->163): Error occured with cleaning service for HNode: wfs:FeatureCollection/wfs:member/usgsns:structures_DC/usgsns:Zipcode
ERROR [2019-12-06 13:35:50,027] (WorksheetCleaningUpdate->generateJson->163): Error occured with cleaning service for HNode: wfs:FeatureCollection/wfs:member/usgsns:structures_DC/usgsns:the_geom/gml:Point/gml:id
ERROR [2019-12-06 13:35:50,030] (WorksheetCleaningUpdate->generateJson->163): Error occured with cleaning service for HNode: wfs:FeatureCollection/wfs:member/usgsns:structures_DC/usgsns:the_geom/gml:Point/gml:pos
ERROR [2019-12-06 13:35:50,033] (WorksheetCleaningUpdate->generateJson->163): Error occured with cleaning service for HNode: wfs:FeatureCollection/wfs:member/usgsns:structures_DC/usgsns:the_geom/gml:Point/srsDimension
ERROR [2019-12-06 13:35:50,035] (WorksheetCleaningUpdate->generateJson->163): Error occured with cleaning service for HNode: wfs:FeatureCollection/wfs:member/usgsns:structures_DC/usgsns:the_geom/gml:Point/srsName
ERROR [2019-12-06 13:35:50,037] (WorksheetCleaningUpdate->generateJson->163): Error occured with cleaning service for HNode: wfs:FeatureCollection/xmlns:gml
ERROR [2019-12-06 13:35:50,039] (WorksheetCleaningUpdate->generateJson->163): Error occured with cleaning service for HNode: wfs:FeatureCollection/xmlns:usgsns
ERROR [2019-12-06 13:35:50,044] (WorksheetCleaningUpdate->generateJson->163): Error occured with cleaning service for HNode: wfs:FeatureCollection/xmlns:wfs
ERROR [2019-12-06 13:35:50,048] (WorksheetCleaningUpdate->generateJson->163): Error occured with cleaning service for HNode: wfs:FeatureCollection/xmlns:xs
ERROR [2019-12-06 13:35:50,050] (WorksheetCleaningUpdate->generateJson->163): Error occured with cleaning service for HNode: wfs:FeatureCollection/xmlns:xsi
ERROR [2019-12-06 13:35:50,054] (WorksheetCleaningUpdate->generateJson->163): Error occured with cleaning service for HNode: wfs:FeatureCollection/xsi:schemaLocation
WARN [2019-12-06 13:35:54,170] (HybridSTModelHandler->predictType->265): -----------------------------------------------------------------------------
WARN [2019-12-06 13:35:54,171] (HybridSTModelHandler->predictType->281): Test Label classified as textual - fractionNumeric = 0.0
WARN [2019-12-06 13:35:54,171] (HybridSTModelHandler->predictType->362): -----------------------------------------------------------------------------
INFO [2019-12-06 13:37:00,088] (ModelLearningGraph-><init>->136): loading the alignment graph ...
INFO [2019-12-06 13:37:00,102] (ModelLearningGraph-><init>->144): loading is done!
INFO [2019-12-06 13:37:00,103] (ModelLearningGraph-><init>->147): number of nodes: 0
INFO [2019-12-06 13:37:00,103] (ModelLearningGraph-><init>->148): number of links: 0
ERROR [2019-12-06 13:37:10,234] (WorksheetCleaningUpdate->generateJson->163): Error occured with cleaning service for HNode: wfs:FeatureCollection/numberMatched
ERROR [2019-12-06 13:37:10,239] (WorksheetCleaningUpdate->generateJson->163): Error occured with cleaning service for HNode: wfs:FeatureCollection/numberReturned
ERROR [2019-12-06 13:37:10,242] (WorksheetCleaningUpdate->generateJson->163): Error occured with cleaning service for HNode: wfs:FeatureCollection/timeStamp
ERROR [2019-12-06 13:37:10,244] (WorksheetCleaningUpdate->generateJson->163): Error occured with cleaning service for HNode: wfs:FeatureCollection/wfs:member/usgsns:structures_DC/gml:id
ERROR [2019-12-06 13:37:10,246] (WorksheetCleaningUpdate->generateJson->163): Error occured with cleaning service for HNode: wfs:FeatureCollection/wfs:member/usgsns:structures_DC/usgsns:Address
ERROR [2019-12-06 13:37:10,249] (WorksheetCleaningUpdate->generateJson->163): Error occured with cleaning service for HNode: wfs:FeatureCollection/wfs:member/usgsns:structures_DC/usgsns:AddressBui
ERROR [2019-12-06 13:37:10,251] (WorksheetCleaningUpdate->generateJson->163): Error occured with cleaning service for HNode: wfs:FeatureCollection/wfs:member/usgsns:structures_DC/usgsns:AdminType
ERROR [2019-12-06 13:37:10,254] (WorksheetCleaningUpdate->generateJson->163): Error occured with cleaning service for HNode: wfs:FeatureCollection/wfs:member/usgsns:structures_DC/usgsns:City
ERROR [2019-12-06 13:37:10,258] (WorksheetCleaningUpdate->generateJson->163): Error occured with cleaning service for HNode: wfs:FeatureCollection/wfs:member/usgsns:structures_DC/usgsns:Complex_ID
ERROR [2019-12-06 13:37:10,262] (WorksheetCleaningUpdate->generateJson->163): Error occured with cleaning service for HNode: wfs:FeatureCollection/wfs:member/usgsns:structures_DC/usgsns:Data_Secur
ERROR [2019-12-06 13:37:10,265] (WorksheetCleaningUpdate->generateJson->163): Error occured with cleaning service for HNode: wfs:FeatureCollection/wfs:member/usgsns:structures_DC/usgsns:Distributi
ERROR [2019-12-06 13:37:10,267] (WorksheetCleaningUpdate->generateJson->163): Error occured with cleaning service for HNode: wfs:FeatureCollection/wfs:member/usgsns:structures_DC/usgsns:FCode
ERROR [2019-12-06 13:37:10,270] (WorksheetCleaningUpdate->generateJson->163): Error occured with cleaning service for HNode: wfs:FeatureCollection/wfs:member/usgsns:structures_DC/usgsns:FType
ERROR [2019-12-06 13:37:10,272] (WorksheetCleaningUpdate->generateJson->163): Error occured with cleaning service for HNode: wfs:FeatureCollection/wfs:member/usgsns:structures_DC/usgsns:Foot_ID
ERROR [2019-12-06 13:37:10,275] (WorksheetCleaningUpdate->generateJson->163): Error occured with cleaning service for HNode: wfs:FeatureCollection/wfs:member/usgsns:structures_DC/usgsns:GNIS_ID
ERROR [2019-12-06 13:37:10,278] (WorksheetCleaningUpdate->generateJson->163): Error occured with cleaning service for HNode: wfs:FeatureCollection/wfs:member/usgsns:structures_DC/usgsns:IsLandmark
ERROR [2019-12-06 13:37:10,282] (WorksheetCleaningUpdate->generateJson->163): Error occured with cleaning service for HNode: wfs:FeatureCollection/wfs:member/usgsns:structures_DC/usgsns:LoadDate
ERROR [2019-12-06 13:37:10,285] (WorksheetCleaningUpdate->generateJson->163): Error occured with cleaning service for HNode: wfs:FeatureCollection/wfs:member/usgsns:structures_DC/usgsns:Name
ERROR [2019-12-06 13:37:10,289] (WorksheetCleaningUpdate->generateJson->163): Error occured with cleaning service for HNode: wfs:FeatureCollection/wfs:member/usgsns:structures_DC/usgsns:OBJECTID
ERROR [2019-12-06 13:37:10,296] (WorksheetCleaningUpdate->generateJson->163): Error occured with cleaning service for HNode: wfs:FeatureCollection/wfs:member/usgsns:structures_DC/usgsns:Permanent_
ERROR [2019-12-06 13:37:10,300] (WorksheetCleaningUpdate->generateJson->163): Error occured with cleaning service for HNode: wfs:FeatureCollection/wfs:member/usgsns:structures_DC/usgsns:PointLocat
ERROR [2019-12-06 13:37:10,303] (WorksheetCleaningUpdate->generateJson->163): Error occured with cleaning service for HNode: wfs:FeatureCollection/wfs:member/usgsns:structures_DC/usgsns:Source_D_1
ERROR [2019-12-06 13:37:10,306] (WorksheetCleaningUpdate->generateJson->163): Error occured with cleaning service for HNode: wfs:FeatureCollection/wfs:member/usgsns:structures_DC/usgsns:Source_Dat
ERROR [2019-12-06 13:37:10,309] (WorksheetCleaningUpdate->generateJson->163): Error occured with cleaning service for HNode: wfs:FeatureCollection/wfs:member/usgsns:structures_DC/usgsns:Source_Fea
ERROR [2019-12-06 13:37:10,312] (WorksheetCleaningUpdate->generateJson->163): Error occured with cleaning service for HNode: wfs:FeatureCollection/wfs:member/usgsns:structures_DC/usgsns:Source_Ori
ERROR [2019-12-06 13:37:10,316] (WorksheetCleaningUpdate->generateJson->163): Error occured with cleaning service for HNode: wfs:FeatureCollection/wfs:member/usgsns:structures_DC/usgsns:State
ERROR [2019-12-06 13:37:10,323] (WorksheetCleaningUpdate->generateJson->163): Error occured with cleaning service for HNode: wfs:FeatureCollection/wfs:member/usgsns:structures_DC/usgsns:Zipcode
ERROR [2019-12-06 13:37:10,327] (WorksheetCleaningUpdate->generateJson->163): Error occured with cleaning service for HNode: wfs:FeatureCollection/wfs:member/usgsns:structures_DC/usgsns:the_geom/gml:Point/gml:id
ERROR [2019-12-06 13:37:10,330] (WorksheetCleaningUpdate->generateJson->163): Error occured with cleaning service for HNode: wfs:FeatureCollection/wfs:member/usgsns:structures_DC/usgsns:the_geom/gml:Point/gml:pos
ERROR [2019-12-06 13:37:10,332] (WorksheetCleaningUpdate->generateJson->163): Error occured with cleaning service for HNode: wfs:FeatureCollection/wfs:member/usgsns:structures_DC/usgsns:the_geom/gml:Point/srsDimension
ERROR [2019-12-06 13:37:10,341] (WorksheetCleaningUpdate->generateJson->163): Error occured with cleaning service for HNode: wfs:FeatureCollection/wfs:member/usgsns:structures_DC/usgsns:the_geom/gml:Point/srsName
ERROR [2019-12-06 13:37:10,380] (WorksheetCleaningUpdate->generateJson->163): Error occured with cleaning service for HNode: wfs:FeatureCollection/xmlns:gml
ERROR [2019-12-06 13:37:10,384] (WorksheetCleaningUpdate->generateJson->163): Error occured with cleaning service for HNode: wfs:FeatureCollection/xmlns:usgsns
ERROR [2019-12-06 13:37:10,387] (WorksheetCleaningUpdate->generateJson->163): Error occured with cleaning service for HNode: wfs:FeatureCollection/xmlns:wfs
ERROR [2019-12-06 13:37:10,390] (WorksheetCleaningUpdate->generateJson->163): Error occured with cleaning service for HNode: wfs:FeatureCollection/xmlns:xs
ERROR [2019-12-06 13:37:10,397] (WorksheetCleaningUpdate->generateJson->163): Error occured with cleaning service for HNode: wfs:FeatureCollection/xmlns:xsi
ERROR [2019-12-06 13:37:10,399] (WorksheetCleaningUpdate->generateJson->163): Error occured with cleaning service for HNode: wfs:FeatureCollection/xsi:schemaLocation
INFO [2019-12-06 13:37:14,821] (R2RMLAlignmentFileSaver->saveAlignment->95): Time to get alignment info for saving: 0msec
INFO [2019-12-06 13:37:14,825] (Alignment->align->920): 
INFO [2019-12-06 13:37:14,826] (Alignment->align->921): Time to compute the Alignment: 0.0sec
ERROR [2019-12-06 13:37:14,827] (KR2RMLWorksheetHistoryCompatibilityVerifier->verify->77): Unable to parse command from worksheet history
INFO [2019-12-06 13:37:14,827] (R2RMLAlignmentFileSaver->saveAlignment->103): Time to generate mappings:6msec
INFO [2019-12-06 13:37:14,831] (R2RMLAlignmentFileSaver->saveAlignment->108): Alignment for WSP2:WS6 saved to file: home/kaos/karma/models-autosave/WSP2WS6-structures_DC-auto-model.ttl
INFO [2019-12-06 13:37:14,832] (R2RMLAlignmentFileSaver->saveAlignment->110): Time to write to file:5msec
ERROR [2019-12-06 13:37:14,835] (WorksheetCleaningUpdate->generateJson->163): Error occured with cleaning service for HNode: wfs:FeatureCollection/numberMatched
ERROR [2019-12-06 13:37:14,837] (WorksheetCleaningUpdate->generateJson->163): Error occured with cleaning service for HNode: wfs:FeatureCollection/numberReturned
ERROR [2019-12-06 13:37:14,840] (WorksheetCleaningUpdate->generateJson->163): Error occured with cleaning service for HNode: wfs:FeatureCollection/timeStamp
ERROR [2019-12-06 13:37:14,842] (WorksheetCleaningUpdate->generateJson->163): Error occured with cleaning service for HNode: wfs:FeatureCollection/wfs:member/usgsns:structures_DC/gml:id
ERROR [2019-12-06 13:37:14,844] (WorksheetCleaningUpdate->generateJson->163): Error occured with cleaning service for HNode: wfs:FeatureCollection/wfs:member/usgsns:structures_DC/usgsns:Address
ERROR [2019-12-06 13:37:14,846] (WorksheetCleaningUpdate->generateJson->163): Error occured with cleaning service for HNode: wfs:FeatureCollection/wfs:member/usgsns:structures_DC/usgsns:AddressBui
ERROR [2019-12-06 13:37:14,848] (WorksheetCleaningUpdate->generateJson->163): Error occured with cleaning service for HNode: wfs:FeatureCollection/wfs:member/usgsns:structures_DC/usgsns:AdminType
ERROR [2019-12-06 13:37:14,850] (WorksheetCleaningUpdate->generateJson->163): Error occured with cleaning service for HNode: wfs:FeatureCollection/wfs:member/usgsns:structures_DC/usgsns:City
ERROR [2019-12-06 13:37:14,852] (WorksheetCleaningUpdate->generateJson->163): Error occured with cleaning service for HNode: wfs:FeatureCollection/wfs:member/usgsns:structures_DC/usgsns:Complex_ID
ERROR [2019-12-06 13:37:14,854] (WorksheetCleaningUpdate->generateJson->163): Error occured with cleaning service for HNode: wfs:FeatureCollection/wfs:member/usgsns:structures_DC/usgsns:Data_Secur
ERROR [2019-12-06 13:37:14,855] (WorksheetCleaningUpdate->generateJson->163): Error occured with cleaning service for HNode: wfs:FeatureCollection/wfs:member/usgsns:structures_DC/usgsns:Distributi
ERROR [2019-12-06 13:37:14,858] (WorksheetCleaningUpdate->generateJson->163): Error occured with cleaning service for HNode: wfs:FeatureCollection/wfs:member/usgsns:structures_DC/usgsns:FCode
ERROR [2019-12-06 13:37:14,863] (WorksheetCleaningUpdate->generateJson->163): Error occured with cleaning service for HNode: wfs:FeatureCollection/wfs:member/usgsns:structures_DC/usgsns:FType
ERROR [2019-12-06 13:37:14,867] (WorksheetCleaningUpdate->generateJson->163): Error occured with cleaning service for HNode: wfs:FeatureCollection/wfs:member/usgsns:structures_DC/usgsns:Foot_ID
ERROR [2019-12-06 13:37:14,872] (WorksheetCleaningUpdate->generateJson->163): Error occured with cleaning service for HNode: wfs:FeatureCollection/wfs:member/usgsns:structures_DC/usgsns:GNIS_ID
ERROR [2019-12-06 13:37:14,874] (WorksheetCleaningUpdate->generateJson->163): Error occured with cleaning service for HNode: wfs:FeatureCollection/wfs:member/usgsns:structures_DC/usgsns:IsLandmark
ERROR [2019-12-06 13:37:14,876] (WorksheetCleaningUpdate->generateJson->163): Error occured with cleaning service for HNode: wfs:FeatureCollection/wfs:member/usgsns:structures_DC/usgsns:LoadDate
ERROR [2019-12-06 13:37:14,878] (WorksheetCleaningUpdate->generateJson->163): Error occured with cleaning service for HNode: wfs:FeatureCollection/wfs:member/usgsns:structures_DC/usgsns:Name
ERROR [2019-12-06 13:37:14,880] (WorksheetCleaningUpdate->generateJson->163): Error occured with cleaning service for HNode: wfs:FeatureCollection/wfs:member/usgsns:structures_DC/usgsns:OBJECTID
ERROR [2019-12-06 13:37:14,882] (WorksheetCleaningUpdate->generateJson->163): Error occured with cleaning service for HNode: wfs:FeatureCollection/wfs:member/usgsns:structures_DC/usgsns:Permanent_
ERROR [2019-12-06 13:37:14,884] (WorksheetCleaningUpdate->generateJson->163): Error occured with cleaning service for HNode: wfs:FeatureCollection/wfs:member/usgsns:structures_DC/usgsns:PointLocat
ERROR [2019-12-06 13:37:14,886] (WorksheetCleaningUpdate->generateJson->163): Error occured with cleaning service for HNode: wfs:FeatureCollection/wfs:member/usgsns:structures_DC/usgsns:Source_D_1
ERROR [2019-12-06 13:37:14,888] (WorksheetCleaningUpdate->generateJson->163): Error occured with cleaning service for HNode: wfs:FeatureCollection/wfs:member/usgsns:structures_DC/usgsns:Source_Dat
ERROR [2019-12-06 13:37:14,890] (WorksheetCleaningUpdate->generateJson->163): Error occured with cleaning service for HNode: wfs:FeatureCollection/wfs:member/usgsns:structures_DC/usgsns:Source_Fea
ERROR [2019-12-06 13:37:14,892] (WorksheetCleaningUpdate->generateJson->163): Error occured with cleaning service for HNode: wfs:FeatureCollection/wfs:member/usgsns:structures_DC/usgsns:Source_Ori
ERROR [2019-12-06 13:37:14,894] (WorksheetCleaningUpdate->generateJson->163): Error occured with cleaning service for HNode: wfs:FeatureCollection/wfs:member/usgsns:structures_DC/usgsns:State
ERROR [2019-12-06 13:37:14,896] (WorksheetCleaningUpdate->generateJson->163): Error occured with cleaning service for HNode: wfs:FeatureCollection/wfs:member/usgsns:structures_DC/usgsns:Zipcode
ERROR [2019-12-06 13:37:14,904] (WorksheetCleaningUpdate->generateJson->163): Error occured with cleaning service for HNode: wfs:FeatureCollection/wfs:member/usgsns:structures_DC/usgsns:the_geom/gml:Point/gml:id
ERROR [2019-12-06 13:37:14,916] (WorksheetCleaningUpdate->generateJson->163): Error occured with cleaning service for HNode: wfs:FeatureCollection/wfs:member/usgsns:structures_DC/usgsns:the_geom/gml:Point/gml:pos
ERROR [2019-12-06 13:37:14,919] (WorksheetCleaningUpdate->generateJson->163): Error occured with cleaning service for HNode: wfs:FeatureCollection/wfs:member/usgsns:structures_DC/usgsns:the_geom/gml:Point/srsDimension
ERROR [2019-12-06 13:37:14,922] (WorksheetCleaningUpdate->generateJson->163): Error occured with cleaning service for HNode: wfs:FeatureCollection/wfs:member/usgsns:structures_DC/usgsns:the_geom/gml:Point/srsName
ERROR [2019-12-06 13:37:14,924] (WorksheetCleaningUpdate->generateJson->163): Error occured with cleaning service for HNode: wfs:FeatureCollection/xmlns:gml
ERROR [2019-12-06 13:37:14,926] (WorksheetCleaningUpdate->generateJson->163): Error occured with cleaning service for HNode: wfs:FeatureCollection/xmlns:usgsns
ERROR [2019-12-06 13:37:14,930] (WorksheetCleaningUpdate->generateJson->163): Error occured with cleaning service for HNode: wfs:FeatureCollection/xmlns:wfs
ERROR [2019-12-06 13:37:14,933] (WorksheetCleaningUpdate->generateJson->163): Error occured with cleaning service for HNode: wfs:FeatureCollection/xmlns:xs
ERROR [2019-12-06 13:37:14,935] (WorksheetCleaningUpdate->generateJson->163): Error occured with cleaning service for HNode: wfs:FeatureCollection/xmlns:xsi
ERROR [2019-12-06 13:37:14,938] (WorksheetCleaningUpdate->generateJson->163): Error occured with cleaning service for HNode: wfs:FeatureCollection/xsi:schemaLocation
WARN [2019-12-06 13:37:17,157] (HybridSTModelHandler->predictType->265): -----------------------------------------------------------------------------
WARN [2019-12-06 13:37:17,159] (HybridSTModelHandler->predictType->281): Test Label classified as textual - fractionNumeric = 0.0
WARN [2019-12-06 13:37:17,159] (HybridSTModelHandler->predictType->362): -----------------------------------------------------------------------------
